[22:47:28] [main/WARN]: Ambiguity between arguments [teleport, destination] and [teleport, targets] with inputs: [Player, 0123, @e, dd12be42-52a9-4a91-a8a1-11c01849e498]
[22:47:28] [main/WARN]: Ambiguity between arguments [teleport, location] and [teleport, destination] with inputs: [0.1 -0.5 .9, 0 0 0]
[22:47:28] [main/WARN]: Ambiguity between arguments [teleport, location] and [teleport, targets] with inputs: [0.1 -0.5 .9, 0 0 0]
[22:47:28] [main/WARN]: Ambiguity between arguments [teleport, targets] and [teleport, destination] with inputs: [Player, 0123, dd12be42-52a9-4a91-a8a1-11c01849e498]
[22:47:28] [main/WARN]: Ambiguity between arguments [teleport, targets, location] and [teleport, targets, destination] with inputs: [0.1 -0.5 .9, 0 0 0]
[22:47:28] [main/INFO]: Loaded 0 recipes
[22:47:28] [main/INFO]: Loaded 0 advancements
[22:47:28] [Server thread/INFO]: Starting minecraft server version 1.13.2
[22:47:28] [Server thread/INFO]: Loading properties
[22:47:28] [Server thread/INFO]: Default game type: SURVIVAL
[22:47:28] [Server thread/INFO]: Generating keypair
[22:47:29] [Server thread/INFO]: Starting Minecraft server on *:25565
[22:47:29] [Server thread/INFO]: Using default channel type
[22:47:30] [Server thread/INFO]: Preparing level "world"
[22:47:30] [Server thread/INFO]: Reloading ResourceManager: Default
[22:47:31] [Server thread/INFO]: Loaded 524 recipes
[22:47:31] [Server thread/INFO]: Loaded 571 advancements
[22:47:32] [Server thread/INFO]: Preparing start region for dimension minecraft:overworld
[22:47:32] [Server thread/INFO]: Preparing spawn area: 4%
[22:47:32] [Server thread/INFO]: Preparing spawn area: 8%
[22:47:32] [Server thread/INFO]: Preparing spawn area: 12%
[22:47:32] [Server thread/INFO]: Preparing spawn area: 16%
[22:47:32] [Server thread/INFO]: Preparing spawn area: 20%
[22:47:32] [Server thread/INFO]: Preparing spawn area: 24%
[22:47:32] [Server thread/INFO]: Preparing spawn area: 28%
[22:47:32] [Server thread/INFO]: Preparing spawn area: 32%
[22:47:32] [Server thread/INFO]: Preparing spawn area: 36%
[22:47:32] [Server thread/INFO]: Preparing spawn area: 40%
[22:47:32] [Server thread/INFO]: Preparing spawn area: 44%
[22:47:32] [Server thread/INFO]: Preparing spawn area: 48%
[22:47:32] [Server thread/INFO]: Preparing spawn area: 52%
[22:47:32] [Server thread/INFO]: Preparing spawn area: 56%
[22:47:32] [Server thread/INFO]: Preparing spawn area: 60%
[22:47:32] [Server thread/INFO]: Preparing spawn area: 64%
[22:47:33] [Server thread/INFO]: Preparing spawn area: 68%
[22:47:33] [Server thread/INFO]: Preparing spawn area: 72%
[22:47:33] [Server thread/INFO]: Preparing spawn area: 76%
[22:47:33] [Server thread/INFO]: Preparing spawn area: 80%
[22:47:33] [Server thread/INFO]: Preparing spawn area: 84%
[22:47:33] [Server thread/INFO]: Preparing spawn area: 88%
[22:47:33] [Server thread/INFO]: Preparing spawn area: 92%
[22:47:33] [Server thread/INFO]: Preparing spawn area: 96%
[22:47:33] [Server thread/INFO]: Preparing spawn area: 100%
[22:47:33] [Server thread/INFO]: Time elapsed: 1124 ms
[22:47:33] [Server thread/INFO]: Done (3.114s)! For help, type "help"
[22:48:23] [User Authenticator #1/INFO]: UUID of player kokosh is 551e366f-5140-4a71-97d4-6eba5ac452b7
[22:48:23] [Server thread/INFO]: kokosh[/127.0.0.1:52661] logged in with entity id 475 at (-323.30000001192093, 65.0, 311.5350700949628)
[22:48:23] [Server thread/INFO]: kokosh joined the game
[23:04:18] [Server thread/INFO]: Unknown command
[23:04:18] [Server thread/INFO]: playsound<--[HERE]
[23:04:37] [Server thread/INFO]: Seed: [-2593976428119164898]
