[10:59:11] [main/WARN]: Ambiguity between arguments [teleport, location] and [teleport, destination] with inputs: [0.1 -0.5 .9, 0 0 0]
[10:59:11] [main/WARN]: Ambiguity between arguments [teleport, location] and [teleport, targets] with inputs: [0.1 -0.5 .9, 0 0 0]
[10:59:11] [main/WARN]: Ambiguity between arguments [teleport, targets] and [teleport, destination] with inputs: [Player, 0123, dd12be42-52a9-4a91-a8a1-11c01849e498]
[10:59:11] [main/WARN]: Ambiguity between arguments [teleport, targets, location] and [teleport, targets, destination] with inputs: [0.1 -0.5 .9, 0 0 0]
[10:59:11] [main/INFO]: Loaded 0 recipes
[10:59:11] [main/INFO]: Loaded 0 advancements
[10:59:11] [Server thread/INFO]: Starting minecraft server version 1.13.2
[10:59:11] [Server thread/INFO]: Loading properties
[10:59:11] [Server thread/INFO]: Default game type: SURVIVAL
[10:59:11] [Server thread/INFO]: Generating keypair
[10:59:12] [Server thread/INFO]: Starting Minecraft server on *:25565
[10:59:12] [Server thread/INFO]: Using default channel type
[10:59:13] [Server thread/INFO]: Preparing level "world"
[10:59:14] [Server thread/INFO]: Reloading ResourceManager: Default
[10:59:15] [Server thread/INFO]: Loaded 524 recipes
[10:59:15] [Server thread/INFO]: Loaded 571 advancements
[10:59:15] [Server thread/INFO]: Preparing start region for dimension minecraft:overworld
[10:59:16] [Server thread/INFO]: Preparing spawn area: 4%
[10:59:16] [Server thread/INFO]: Preparing spawn area: 8%
[10:59:17] [Server thread/INFO]: Preparing spawn area: 12%
[10:59:17] [Server thread/INFO]: Preparing spawn area: 16%
[10:59:17] [Server thread/INFO]: Preparing spawn area: 20%
[10:59:17] [Server thread/INFO]: Preparing spawn area: 24%
[10:59:17] [Server thread/INFO]: Preparing spawn area: 28%
[10:59:17] [Server thread/WARN]: Keeping entity minecraft:sheep that already exists with UUID 9e1f2e50-8527-4482-a7aa-4cc50d955c3d
[10:59:17] [Server thread/INFO]: Preparing spawn area: 32%
[10:59:17] [Server thread/INFO]: Preparing spawn area: 36%
[10:59:17] [Server thread/INFO]: Preparing spawn area: 40%
[10:59:17] [Server thread/INFO]: Preparing spawn area: 44%
[10:59:17] [Server thread/INFO]: Preparing spawn area: 48%
[10:59:17] [Server thread/INFO]: Preparing spawn area: 52%
[10:59:17] [Server thread/INFO]: Preparing spawn area: 56%
[10:59:17] [Server thread/INFO]: Preparing spawn area: 60%
[10:59:17] [Server thread/INFO]: Preparing spawn area: 64%
[10:59:17] [Server thread/INFO]: Preparing spawn area: 68%
[10:59:17] [Server thread/INFO]: Preparing spawn area: 72%
[10:59:17] [Server thread/INFO]: Preparing spawn area: 76%
[10:59:17] [Server thread/INFO]: Preparing spawn area: 80%
[10:59:17] [Server thread/INFO]: Preparing spawn area: 84%
[10:59:17] [Server thread/INFO]: Preparing spawn area: 88%
[10:59:17] [Server thread/INFO]: Preparing spawn area: 92%
[10:59:17] [Server thread/INFO]: Preparing spawn area: 96%
[10:59:17] [Server thread/INFO]: Preparing spawn area: 100%
[10:59:17] [Server thread/INFO]: Time elapsed: 2077 ms
[10:59:17] [Server thread/INFO]: Done (4.041s)! For help, type "help"
[11:00:42] [User Authenticator #1/INFO]: UUID of player kokosh is 551e366f-5140-4a71-97d4-6eba5ac452b7
[11:00:42] [Server thread/INFO]: kokosh[/127.0.0.1:50346] logged in with entity id 627 at (-282.01502066791153, 63.0, 242.39637081598477)
[11:00:42] [Server thread/INFO]: kokosh joined the game
[11:00:43] [Server thread/WARN]: Keeping entity minecraft:sheep that already exists with UUID 9e1f2e50-8527-4482-a7aa-4cc50d955c3d
[11:00:46] [Server thread/WARN]: Can't keep up! Is the server overloaded? Running 2067ms or 41 ticks behind
[11:01:04] [Server thread/WARN]: Can't keep up! Is the server overloaded? Running 2352ms or 47 ticks behind
[11:17:25] [Server thread/WARN]: Can't keep up! Is the server overloaded? Running 3047ms or 60 ticks behind
[11:39:30] [Server thread/INFO]: kokosh lost connection: Disconnected
[11:39:30] [Server thread/INFO]: kokosh left the game
[11:39:32] [Server Shutdown Thread/INFO]: Stopping server
