[18:18:29] [main/WARN]: Ambiguity between arguments [teleport, destination] and [teleport, targets] with inputs: [Player, 0123, @e, dd12be42-52a9-4a91-a8a1-11c01849e498]
[18:18:29] [main/WARN]: Ambiguity between arguments [teleport, location] and [teleport, destination] with inputs: [0.1 -0.5 .9, 0 0 0]
[18:18:29] [main/WARN]: Ambiguity between arguments [teleport, location] and [teleport, targets] with inputs: [0.1 -0.5 .9, 0 0 0]
[18:18:29] [main/WARN]: Ambiguity between arguments [teleport, targets] and [teleport, destination] with inputs: [Player, 0123, dd12be42-52a9-4a91-a8a1-11c01849e498]
[18:18:29] [main/WARN]: Ambiguity between arguments [teleport, targets, location] and [teleport, targets, destination] with inputs: [0.1 -0.5 .9, 0 0 0]
[18:18:29] [main/INFO]: Loaded 0 recipes
[18:18:29] [main/INFO]: Loaded 0 advancements
[18:18:29] [Server thread/INFO]: Starting minecraft server version 1.13.2
[18:18:29] [Server thread/INFO]: Loading properties
[18:18:30] [Server thread/INFO]: Default game type: SURVIVAL
[18:18:30] [Server thread/INFO]: Generating keypair
[18:18:30] [Server thread/INFO]: Starting Minecraft server on *:25565
[18:18:30] [Server thread/INFO]: Using default channel type
[18:18:32] [Server thread/INFO]: Preparing level "world"
[18:18:33] [Server thread/INFO]: Reloading ResourceManager: Default
[18:18:34] [Server thread/INFO]: Loaded 524 recipes
[18:18:34] [Server thread/INFO]: Loaded 571 advancements
[18:18:34] [Server thread/INFO]: Preparing start region for dimension minecraft:overworld
[18:18:35] [Server thread/INFO]: Preparing spawn area: 4%
[18:18:35] [Server thread/INFO]: Preparing spawn area: 8%
[18:18:35] [Server thread/INFO]: Preparing spawn area: 12%
[18:18:35] [Server thread/INFO]: Preparing spawn area: 16%
[18:18:35] [Server thread/INFO]: Preparing spawn area: 20%
[18:18:35] [Server thread/INFO]: Preparing spawn area: 24%
[18:18:35] [Server thread/INFO]: Preparing spawn area: 28%
[18:18:35] [Server thread/INFO]: Preparing spawn area: 32%
[18:18:35] [Server thread/INFO]: Preparing spawn area: 36%
[18:18:35] [Server thread/INFO]: Preparing spawn area: 40%
[18:18:35] [Server thread/INFO]: Preparing spawn area: 44%
[18:18:35] [Server thread/INFO]: Preparing spawn area: 48%
[18:18:35] [Server thread/INFO]: Preparing spawn area: 52%
[18:18:35] [Server thread/INFO]: Preparing spawn area: 56%
[18:18:35] [Server thread/INFO]: Preparing spawn area: 60%
[18:18:36] [Server thread/INFO]: Preparing spawn area: 64%
[18:18:36] [Server thread/INFO]: Preparing spawn area: 68%
[18:18:36] [Server thread/INFO]: Preparing spawn area: 72%
[18:18:36] [Server thread/INFO]: Preparing spawn area: 76%
[18:18:36] [Server thread/INFO]: Preparing spawn area: 80%
[18:18:36] [Server thread/INFO]: Preparing spawn area: 84%
[18:18:36] [Server thread/INFO]: Preparing spawn area: 88%
[18:18:36] [Server thread/INFO]: Preparing spawn area: 92%
[18:18:36] [Server thread/INFO]: Preparing spawn area: 96%
[18:18:36] [Server thread/INFO]: Preparing spawn area: 100%
[18:18:36] [Server thread/INFO]: Time elapsed: 1467 ms
[18:18:36] [Server thread/INFO]: Done (3.422s)! For help, type "help"
[18:19:50] [User Authenticator #1/INFO]: UUID of player kokosh is 551e366f-5140-4a71-97d4-6eba5ac452b7
[18:19:51] [Server thread/INFO]: kokosh[/127.0.0.1:50265] logged in with entity id 489 at (-325.7441929603104, 65.0, 311.16216927839787)
[18:19:51] [Server thread/INFO]: kokosh joined the game
[18:24:11] [User Authenticator #2/INFO]: UUID of player Addicted2Life is c6639587-6c45-4d5f-8b30-505e359ac7ad
[18:24:11] [Server thread/INFO]: Addicted2Life[/193.0.211.194:50162] logged in with entity id 7860 at (-307.30000001192093, 66.0, 308.30000001192093)
[18:24:11] [Server thread/INFO]: Addicted2Life joined the game
[18:33:09] [Server thread/WARN]: Can't keep up! Is the server overloaded? Running 3810ms or 76 ticks behind
[18:33:09] [Server thread/WARN]: kokosh moved too quickly! 10.185897782001462,1.4199999868869781,-0.43232578925571374
[18:34:41] [Server thread/WARN]: Can't keep up! Is the server overloaded? Running 2008ms or 40 ticks behind
[18:37:31] [Server thread/WARN]: Can't keep up! Is the server overloaded? Running 2014ms or 40 ticks behind
[18:55:49] [Server thread/INFO]: Addicted2Life has made the advancement [Fishy Business]
[19:46:29] [Server thread/INFO]: kokosh has made the advancement [Fishy Business]
[21:43:32] [Server thread/INFO]: Addicted2Life has made the advancement [Best Friends Forever]
[21:55:55] [Server thread/INFO]: Addicted2Life lost connection: Disconnected
[21:55:55] [Server thread/INFO]: Addicted2Life left the game
[23:21:21] [Server thread/INFO]: kokosh fell from a high place
[23:49:35] [Server thread/INFO]: kokosh fell off a ladder
