[18:32:21] [main/WARN]: Ambiguity between arguments [teleport, location] and [teleport, destination] with inputs: [0.1 -0.5 .9, 0 0 0]
[18:32:21] [main/WARN]: Ambiguity between arguments [teleport, location] and [teleport, targets] with inputs: [0.1 -0.5 .9, 0 0 0]
[18:32:21] [main/WARN]: Ambiguity between arguments [teleport, targets] and [teleport, destination] with inputs: [Player, 0123, dd12be42-52a9-4a91-a8a1-11c01849e498]
[18:32:21] [main/WARN]: Ambiguity between arguments [teleport, targets, location] and [teleport, targets, destination] with inputs: [0.1 -0.5 .9, 0 0 0]
[18:32:21] [main/INFO]: Loaded 0 recipes
[18:32:21] [main/INFO]: Loaded 0 advancements
[18:32:21] [Server thread/INFO]: Starting minecraft server version 1.13.2
[18:32:21] [Server thread/INFO]: Loading properties
[18:32:21] [Server thread/INFO]: Default game type: SURVIVAL
[18:32:21] [Server thread/INFO]: Generating keypair
[18:32:22] [Server thread/INFO]: Starting Minecraft server on *:25565
[18:32:22] [Server thread/INFO]: Using default channel type
[18:32:23] [Server thread/INFO]: Preparing level "world"
[18:32:23] [Server thread/INFO]: Reloading ResourceManager: Default
[18:32:24] [Server thread/INFO]: Loaded 524 recipes
[18:32:25] [Server thread/INFO]: Loaded 571 advancements
[18:32:25] [Server thread/INFO]: Preparing start region for dimension minecraft:overworld
[18:32:26] [Server thread/INFO]: Preparing spawn area: 4%
[18:32:26] [Server thread/INFO]: Preparing spawn area: 8%
[18:32:26] [Server thread/INFO]: Preparing spawn area: 12%
[18:32:26] [Server thread/INFO]: Preparing spawn area: 16%
[18:32:26] [Server thread/INFO]: Preparing spawn area: 20%
[18:32:26] [Server thread/INFO]: Preparing spawn area: 24%
[18:32:26] [Server thread/INFO]: Preparing spawn area: 28%
[18:32:26] [Server thread/INFO]: Preparing spawn area: 32%
[18:32:26] [Server thread/INFO]: Preparing spawn area: 36%
[18:32:26] [Server thread/INFO]: Preparing spawn area: 40%
[18:32:26] [Server thread/INFO]: Preparing spawn area: 44%
[18:32:26] [Server thread/INFO]: Preparing spawn area: 48%
[18:32:26] [Server thread/INFO]: Preparing spawn area: 52%
[18:32:26] [Server thread/WARN]: Keeping entity minecraft:sheep that already exists with UUID 08419c28-6e71-4be6-b883-abe89e55df72
[18:32:26] [Server thread/WARN]: Keeping entity minecraft:sheep that already exists with UUID 542024b5-5cf0-4422-aa7d-8e455ec25b16
[18:32:26] [Server thread/WARN]: Keeping entity minecraft:sheep that already exists with UUID 8e8b503e-14b3-458a-924c-dc57a698bcd5
[18:32:26] [Server thread/WARN]: Keeping entity minecraft:sheep that already exists with UUID 843fb02b-84ae-4827-8b87-5cc03d29d066
[18:32:26] [Server thread/WARN]: Keeping entity minecraft:sheep that already exists with UUID 7a426a61-adf0-4e6f-ab51-f89cb835978d
[18:32:26] [Server thread/WARN]: Keeping entity minecraft:sheep that already exists with UUID 41f2ee65-c60f-4b15-b649-5d738a2e9f12
[18:32:26] [Server thread/WARN]: Keeping entity minecraft:sheep that already exists with UUID 707fccb8-ad38-4248-be83-5c851e75cd04
[18:32:26] [Server thread/WARN]: Keeping entity minecraft:sheep that already exists with UUID ade89432-ab73-4a53-8f98-c61c8b8a46e1
[18:32:26] [Server thread/WARN]: Keeping entity minecraft:sheep that already exists with UUID 67535742-50d4-4ed6-ae9f-e6bcce0a7e82
[18:32:26] [Server thread/WARN]: Keeping entity minecraft:sheep that already exists with UUID 6bea6388-8d91-4b16-9b18-5bc5fa15b11b
[18:32:26] [Server thread/WARN]: Keeping entity minecraft:sheep that already exists with UUID 2fea8903-7222-4382-9fcf-e924c94ab741
[18:32:26] [Server thread/WARN]: Keeping entity minecraft:sheep that already exists with UUID 5f5bf882-896d-484f-99f5-5ef3289cf0e6
[18:32:26] [Server thread/WARN]: Keeping entity minecraft:sheep that already exists with UUID 0cee98cb-1afc-4500-a42b-10021f39c69f
[18:32:26] [Server thread/WARN]: Keeping entity minecraft:sheep that already exists with UUID cc58673d-92d3-4b45-bcf1-86f3c9dc4bff
[18:32:26] [Server thread/WARN]: Keeping entity minecraft:sheep that already exists with UUID 40edf260-145f-4e36-9462-3ace95a7e1fe
[18:32:26] [Server thread/WARN]: Keeping entity minecraft:sheep that already exists with UUID d0480573-d318-4406-91bc-fcfedfbc6f0e
[18:32:26] [Server thread/WARN]: Keeping entity minecraft:sheep that already exists with UUID 08a4677f-eb1e-4229-bd16-9420aa4629e1
[18:32:26] [Server thread/WARN]: Keeping entity minecraft:sheep that already exists with UUID 0bd0fdfc-5e04-40d0-8943-874c27e67a9e
[18:32:26] [Server thread/WARN]: Keeping entity minecraft:sheep that already exists with UUID 6f703d78-484a-466a-80db-0ccebb87e1eb
[18:32:26] [Server thread/WARN]: Keeping entity minecraft:sheep that already exists with UUID 35794e88-82a7-4864-a4f6-954524a76a31
[18:32:26] [Server thread/WARN]: Keeping entity minecraft:sheep that already exists with UUID 3f2530ff-664e-425b-a011-a9ad3cca9246
[18:32:26] [Server thread/WARN]: Keeping entity minecraft:sheep that already exists with UUID 1f8def8b-3630-4480-9ed7-522a2c4ccf40
[18:32:26] [Server thread/INFO]: Preparing spawn area: 56%
[18:32:26] [Server thread/INFO]: Preparing spawn area: 60%
[18:32:26] [Server thread/INFO]: Preparing spawn area: 64%
[18:32:26] [Server thread/INFO]: Preparing spawn area: 68%
[18:32:26] [Server thread/WARN]: Keeping entity minecraft:sheep that already exists with UUID 926ccadd-4a65-47e0-adde-c1a71edd24d3
[18:32:26] [Server thread/INFO]: Preparing spawn area: 72%
[18:32:26] [Server thread/WARN]: Keeping entity minecraft:sheep that already exists with UUID 9e1f2e50-8527-4482-a7aa-4cc50d955c3d
[18:32:26] [Server thread/WARN]: Keeping entity minecraft:sheep that already exists with UUID d115b08c-da6f-48a0-90be-81c77c84533e
[18:32:26] [Server thread/WARN]: Keeping entity minecraft:sheep that already exists with UUID b1b24d21-3a9e-4d8a-908e-a0bfa7693dc1
[18:32:26] [Server thread/INFO]: Preparing spawn area: 76%
[18:32:26] [Server thread/INFO]: Preparing spawn area: 80%
[18:32:27] [Server thread/INFO]: Preparing spawn area: 84%
[18:32:27] [Server thread/INFO]: Preparing spawn area: 88%
[18:32:27] [Server thread/INFO]: Preparing spawn area: 92%
[18:32:27] [Server thread/INFO]: Preparing spawn area: 96%
[18:32:27] [Server thread/INFO]: Preparing spawn area: 100%
[18:32:27] [Server thread/INFO]: Time elapsed: 1298 ms
[18:32:27] [Server thread/INFO]: Done (3.552s)! For help, type "help"
[18:32:49] [User Authenticator #1/INFO]: UUID of player kokosh is 551e366f-5140-4a71-97d4-6eba5ac452b7
[18:32:50] [Server thread/INFO]: kokosh[/127.0.0.1:54129] logged in with entity id 697 at (-272.6125055181888, 63.0, 343.74925285840965)
[18:32:50] [Server thread/INFO]: kokosh joined the game
[18:32:50] [Server thread/WARN]: Keeping entity minecraft:pig that already exists with UUID b4af03bb-3000-41bd-9d78-9fa198df6109
[18:32:50] [Server thread/WARN]: Keeping entity minecraft:sheep that already exists with UUID 7a2db2c0-eb3a-42b6-a821-a1cb1b010504
[18:47:36] [Server thread/WARN]: Keeping entity minecraft:pig that already exists with UUID d1dc219f-4c4b-4a66-8414-3fc8c5dfe7e5
[18:54:12] [Server thread/WARN]: Keeping entity minecraft:pig that already exists with UUID d1dc219f-4c4b-4a66-8414-3fc8c5dfe7e5
[19:06:17] [Server thread/WARN]: Keeping entity minecraft:pig that already exists with UUID d1dc219f-4c4b-4a66-8414-3fc8c5dfe7e5
[19:07:38] [Server thread/WARN]: Keeping entity minecraft:pig that already exists with UUID d1dc219f-4c4b-4a66-8414-3fc8c5dfe7e5
[19:16:36] [Server thread/WARN]: Keeping entity minecraft:pig that already exists with UUID d1dc219f-4c4b-4a66-8414-3fc8c5dfe7e5
[19:22:32] [Server thread/WARN]: Can't keep up! Is the server overloaded? Running 2074ms or 41 ticks behind
[19:56:19] [Server thread/WARN]: Keeping entity minecraft:sheep that already exists with UUID 7a2db2c0-eb3a-42b6-a821-a1cb1b010504
[19:56:19] [Server thread/WARN]: Keeping entity minecraft:sheep that already exists with UUID 926ccadd-4a65-47e0-adde-c1a71edd24d3
[19:56:19] [Server thread/WARN]: Keeping entity minecraft:sheep that already exists with UUID 9e1f2e50-8527-4482-a7aa-4cc50d955c3d
[19:56:19] [Server thread/WARN]: Keeping entity minecraft:sheep that already exists with UUID d115b08c-da6f-48a0-90be-81c77c84533e
[19:56:19] [Server thread/WARN]: Keeping entity minecraft:sheep that already exists with UUID b1b24d21-3a9e-4d8a-908e-a0bfa7693dc1
[19:56:19] [Server thread/WARN]: Keeping entity minecraft:pig that already exists with UUID d1dc219f-4c4b-4a66-8414-3fc8c5dfe7e5
[19:56:19] [Server thread/WARN]: Keeping entity minecraft:pig that already exists with UUID b4af03bb-3000-41bd-9d78-9fa198df6109
[19:56:20] [Server thread/WARN]: Can't keep up! Is the server overloaded? Running 2137ms or 42 ticks behind
[20:18:47] [Server thread/INFO]: kokosh lost connection: Disconnected
[20:18:47] [Server thread/INFO]: kokosh left the game
[20:18:53] [Server Shutdown Thread/INFO]: Stopping server
[20:18:53] [Server Shutdown Thread/INFO]: Saving players
[20:18:53] [Server Shutdown Thread/INFO]: Saving worlds
[20:18:53] [Server Shutdown Thread/INFO]: Saving chunks for level 'world'/minecraft:the_end
[20:18:53] [Server Shutdown Thread/INFO]: Saving chunks for level 'world'/minecraft:overworld
