[22:27:05] [main/WARN]: Ambiguity between arguments [teleport, destination] and [teleport, targets] with inputs: [Player, 0123, @e, dd12be42-52a9-4a91-a8a1-11c01849e498]
[22:27:05] [main/WARN]: Ambiguity between arguments [teleport, location] and [teleport, destination] with inputs: [0.1 -0.5 .9, 0 0 0]
[22:27:05] [main/WARN]: Ambiguity between arguments [teleport, location] and [teleport, targets] with inputs: [0.1 -0.5 .9, 0 0 0]
[22:27:05] [main/WARN]: Ambiguity between arguments [teleport, targets] and [teleport, destination] with inputs: [Player, 0123, dd12be42-52a9-4a91-a8a1-11c01849e498]
[22:27:05] [main/WARN]: Ambiguity between arguments [teleport, targets, location] and [teleport, targets, destination] with inputs: [0.1 -0.5 .9, 0 0 0]
[22:27:05] [main/INFO]: Loaded 0 recipes
[22:27:05] [main/INFO]: Loaded 0 advancements
[22:27:05] [Server thread/INFO]: Starting minecraft server version 1.13.2
[22:27:05] [Server thread/INFO]: Loading properties
[22:27:05] [Server thread/INFO]: Default game type: SURVIVAL
[22:27:05] [Server thread/INFO]: Generating keypair
[22:27:06] [Server thread/INFO]: Starting Minecraft server on *:25565
[22:27:06] [Server thread/INFO]: Using default channel type
[22:27:07] [Server thread/INFO]: Preparing level "world"
[22:27:07] [Server thread/INFO]: Reloading ResourceManager: Default
[22:27:08] [Server thread/INFO]: Loaded 524 recipes
[22:27:09] [Server thread/INFO]: Loaded 571 advancements
[22:27:09] [Server thread/INFO]: Preparing start region for dimension minecraft:overworld
[22:27:09] [Server thread/INFO]: Preparing spawn area: 4%
[22:27:09] [Server thread/INFO]: Preparing spawn area: 8%
[22:27:09] [Server thread/INFO]: Preparing spawn area: 12%
[22:27:09] [Server thread/INFO]: Preparing spawn area: 16%
[22:27:09] [Server thread/INFO]: Preparing spawn area: 20%
[22:27:10] [Server thread/INFO]: Preparing spawn area: 24%
[22:27:10] [Server thread/INFO]: Preparing spawn area: 28%
[22:27:10] [Server thread/WARN]: Keeping entity minecraft:sheep that already exists with UUID 9e1f2e50-8527-4482-a7aa-4cc50d955c3d
[22:27:10] [Server thread/INFO]: Preparing spawn area: 32%
[22:27:10] [Server thread/INFO]: Preparing spawn area: 36%
[22:27:10] [Server thread/INFO]: Preparing spawn area: 40%
[22:27:10] [Server thread/INFO]: Preparing spawn area: 44%
[22:27:10] [Server thread/INFO]: Preparing spawn area: 48%
[22:27:10] [Server thread/INFO]: Preparing spawn area: 52%
[22:27:10] [Server thread/INFO]: Preparing spawn area: 56%
[22:27:10] [Server thread/INFO]: Preparing spawn area: 60%
[22:27:10] [Server thread/INFO]: Preparing spawn area: 64%
[22:27:10] [Server thread/INFO]: Preparing spawn area: 68%
[22:27:10] [Server thread/INFO]: Preparing spawn area: 72%
[22:27:10] [Server thread/INFO]: Preparing spawn area: 76%
[22:27:10] [Server thread/INFO]: Preparing spawn area: 80%
[22:27:10] [Server thread/INFO]: Preparing spawn area: 84%
[22:27:10] [Server thread/INFO]: Preparing spawn area: 88%
[22:27:10] [Server thread/INFO]: Preparing spawn area: 92%
[22:27:10] [Server thread/INFO]: Preparing spawn area: 96%
[22:27:10] [Server thread/INFO]: Preparing spawn area: 100%
[22:27:10] [Server thread/INFO]: Time elapsed: 1024 ms
[22:27:10] [Server thread/INFO]: Done (2.930s)! For help, type "help"
[22:27:14] [User Authenticator #1/INFO]: UUID of player kokosh is 551e366f-5140-4a71-97d4-6eba5ac452b7
[22:27:14] [Server thread/INFO]: kokosh[/127.0.0.1:52521] logged in with entity id 649 at (-301.7459346459867, 62.875, 303.6875643564704)
[22:27:14] [Server thread/INFO]: kokosh joined the game
[22:27:20] [Server thread/WARN]: Can't keep up! Is the server overloaded? Running 2003ms or 40 ticks behind
