[21:55:44] [main/WARN]: Ambiguity between arguments [teleport, location] and [teleport, destination] with inputs: [0.1 -0.5 .9, 0 0 0]
[21:55:44] [main/WARN]: Ambiguity between arguments [teleport, location] and [teleport, targets] with inputs: [0.1 -0.5 .9, 0 0 0]
[21:55:44] [main/WARN]: Ambiguity between arguments [teleport, targets] and [teleport, destination] with inputs: [Player, 0123, dd12be42-52a9-4a91-a8a1-11c01849e498]
[21:55:44] [main/WARN]: Ambiguity between arguments [teleport, targets, location] and [teleport, targets, destination] with inputs: [0.1 -0.5 .9, 0 0 0]
[21:55:44] [main/INFO]: Loaded 0 recipes
[21:55:44] [main/INFO]: Loaded 0 advancements
[21:55:44] [Server thread/INFO]: Starting minecraft server version 1.13.2
[21:55:44] [Server thread/INFO]: Loading properties
[21:55:44] [Server thread/INFO]: Default game type: SURVIVAL
[21:55:44] [Server thread/INFO]: Generating keypair
[21:55:44] [Server thread/INFO]: Starting Minecraft server on *:25565
[21:55:44] [Server thread/INFO]: Using default channel type
[21:55:46] [Server thread/INFO]: Preparing level "world"
[21:55:46] [Server thread/INFO]: Reloading ResourceManager: Default
[21:55:47] [Server thread/INFO]: Loaded 524 recipes
[21:55:48] [Server thread/INFO]: Loaded 571 advancements
[21:55:48] [Server thread/INFO]: Preparing start region for dimension minecraft:overworld
[21:55:48] [Server thread/INFO]: Preparing spawn area: 4%
[21:55:48] [Server thread/INFO]: Preparing spawn area: 8%
[21:55:48] [Server thread/INFO]: Preparing spawn area: 12%
[21:55:49] [Server thread/INFO]: Preparing spawn area: 16%
[21:55:49] [Server thread/INFO]: Preparing spawn area: 20%
[21:55:49] [Server thread/INFO]: Preparing spawn area: 24%
[21:55:49] [Server thread/INFO]: Preparing spawn area: 28%
[21:55:49] [Server thread/WARN]: Keeping entity minecraft:sheep that already exists with UUID 9e1f2e50-8527-4482-a7aa-4cc50d955c3d
[21:55:49] [Server thread/INFO]: Preparing spawn area: 32%
[21:55:49] [Server thread/INFO]: Preparing spawn area: 36%
[21:55:49] [Server thread/INFO]: Preparing spawn area: 40%
[21:55:49] [Server thread/INFO]: Preparing spawn area: 44%
[21:55:49] [Server thread/INFO]: Preparing spawn area: 48%
[21:55:49] [Server thread/INFO]: Preparing spawn area: 52%
[21:55:49] [Server thread/INFO]: Preparing spawn area: 56%
[21:55:49] [Server thread/INFO]: Preparing spawn area: 60%
[21:55:49] [Server thread/INFO]: Preparing spawn area: 64%
[21:55:49] [Server thread/INFO]: Preparing spawn area: 68%
[21:55:49] [Server thread/INFO]: Preparing spawn area: 72%
[21:55:49] [Server thread/INFO]: Preparing spawn area: 76%
[21:55:49] [Server thread/INFO]: Preparing spawn area: 80%
[21:55:49] [Server thread/INFO]: Preparing spawn area: 84%
[21:55:49] [Server thread/INFO]: Preparing spawn area: 88%
[21:55:49] [Server thread/INFO]: Preparing spawn area: 92%
[21:55:49] [Server thread/INFO]: Preparing spawn area: 96%
[21:55:49] [Server thread/INFO]: Preparing spawn area: 100%
[21:55:49] [Server thread/INFO]: Time elapsed: 1395 ms
[21:55:49] [Server thread/INFO]: Done (3.009s)! For help, type "help"
[21:56:09] [User Authenticator #1/INFO]: UUID of player kokosh is 551e366f-5140-4a71-97d4-6eba5ac452b7
[21:56:09] [Server thread/INFO]: kokosh[/127.0.0.1:52281] logged in with entity id 660 at (-306.30000001192093, 63.0, 259.69999998807907)
[21:56:09] [Server thread/INFO]: kokosh joined the game
[21:56:16] [Server thread/WARN]: Can't keep up! Is the server overloaded? Running 2002ms or 40 ticks behind
[21:56:39] [Server thread/WARN]: Can't keep up! Is the server overloaded? Running 2006ms or 40 ticks behind
